   0  $accept : program $end

   1  program : program_name program_body
   2          | program_name statement_list

   3  $$1 :

   4  program : $$1 program_body

   5  $$2 :

   6  program : error $$2 program_name program_body
   7          | error EOF
   8          | EOF

   9  program_name : ID

  10  program_body : '{' statement_list '}'
  11               | '{' statement_list close_brace_list

  12  $$3 :

  13  program_body : open_brace_list $$3 statement_list '}'
  14               | '{' '}'
  15               |
  16               | '{' error '}'

  17  open_brace_list : '{' '{'
  18                  | open_brace_list '{'

  19  close_brace_list : '}' '}'
  20                   | close_brace_list '}'

  21  statement_list : statement
  22                 | statement_list statement
  23                 | error ';'

  24  statement : executable_statement
  25            | declarative_statement

  26  declarative_statement : declaration_of_variables
  27                        | declaracion_funcion punto_y_coma_opcional

  28  punto_y_coma_opcional :
  29                        | ';'

  30  cuerpo_ejecutable : executable_statement
  31                    | bloque_ejecutable

  32  bloque_ejecutable : '{' conjunto_sentencias_ejecutables '}'
  33                    | '{' '}'

  34  conjunto_sentencias_ejecutables : executable_statement
  35                                  | conjunto_sentencias_ejecutables executable_statement

  36  executable_statement : invocacion_funcion ';'
  37                       | asignacion_simple
  38                       | multiple_assignment
  39                       | sentencia_control
  40                       | sentencia_retorno
  41                       | impresion
  42                       | lambda
  43                       | invocacion_funcion error

  44  sentencia_control : if
  45                    | iteracion

  46  declaration_of_variables : UINT list_of_identifiers ';'
  47                           | UINT list_of_identifiers error
  48                           | UINT identifier DASIG constant ';'
  49                           | UINT error

  50  list_of_identifiers : identifier
  51                      | list_of_identifiers ',' identifier
  52                      | list_of_identifiers ID

  53  identifier : ID

  54  asignacion_simple : variable DASIG expression ';'
  55                    | variable DASIG expression error
  56                    | variable expression ';'
  57                    | variable DASIG error

  58  multiple_assignment : list_of_variables list_of_constants ';'
  59                      | list_of_variables DASIG list_of_constants error

  60  list_of_variables : variable '='
  61                    | variable ',' list_of_variables
  62                    | variable list_of_variables

  63  list_of_constants : constant
  64                    | list_of_constants ',' constant
  65                    | list_of_constants constant

  66  expression : termino
  67             | expression operador_suma termino
  68             | expression operador_suma error
  69             | expression termino_simple
  70             | '+' termino

  71  operador_suma : '+'
  72                | '-'

  73  termino : termino operador_multiplicacion factor
  74          | factor
  75          | termino operador_multiplicacion error
  76          | operador_multiplicacion factor

  77  termino_simple : termino_simple operador_multiplicacion factor
  78                 | factor_simple
  79                 | termino_simple operador_multiplicacion error

  80  operador_multiplicacion : '/'
  81                          | '*'

  82  factor : variable error
  83         | constant
  84         | invocacion_funcion

  85  factor_simple : variable
  86                | CTE
  87                | invocacion_funcion

  88  constant : CTE
  89           | '-' CTE

  90  variable : ID
  91           | ID '.' ID

  92  condicion : '(' cuerpo_condicion ')'
  93            | '(' ')'
  94            | cuerpo_condicion ')'
  95            | '(' cuerpo_condicion error

  96  cuerpo_condicion : expression comparador expression
  97                   | expression termino_simple
  98                   | expression operador_suma termino
  99                   | termino

 100  comparador : '>'
 101             | '<'
 102             | EQ
 103             | LEQ
 104             | GEQ
 105             | NEQ
 106             | '='

 107  if : if_start cuerpo_if
 108     | IF error

 109  if_start : IF condicion

 110  cuerpo_if : cuerpo_then rama_else ENDIF ';'
 111            | cuerpo_then rama_else ENDIF error
 112            | cuerpo_then rama_else ';'
 113            | rama_else ENDIF ';'

 114  cuerpo_then : cuerpo_ejecutable

 115  rama_else :
 116            | else_start cuerpo_ejecutable
 117            | else_start

 118  else_start : ELSE

 119  iteracion : do_while

 120  do_while : do_while_start cuerpo_iteracion ';'
 121           | do_while_start cuerpo_iteracion error
 122           | do_while_start error

 123  do_while_start : DO

 124  cuerpo_iteracion : cuerpo_do fin_cuerpo_iteracion
 125                   | fin_cuerpo_iteracion
 126                   | cuerpo_ejecutable condicion

 127  cuerpo_do : cuerpo_ejecutable

 128  fin_cuerpo_iteracion : WHILE condicion

 129  declaracion_funcion : inicio_funcion conjunto_parametros '{' statement_list '}'
 130                      | inicio_funcion conjunto_parametros '{' '}'

 131  inicio_funcion : UINT ID
 132                 | UINT

 133  conjunto_parametros : '(' lista_parametros ')'
 134                      | '(' ')'

 135  lista_parametros : parametro_formal
 136                   | lista_parametros ',' parametro_formal
 137                   | parametro_vacio

 138  parametro_vacio : lista_parametros ','
 139                  | ',' parametro_formal

 140  parametro_formal : semantica_pasaje UINT ID
 141                   | semantica_pasaje UINT
 142                   | semantica_pasaje ID

 143  semantica_pasaje :
 144                   | CVR
 145                   | error

 146  sentencia_retorno : RETURN '(' expression ')' ';'
 147                    | RETURN '(' expression ')' error
 148                    | RETURN '(' ')' ';'
 149                    | RETURN expression ';'
 150                    | RETURN error

 151  invocacion_funcion : ID '(' lista_argumentos ')'

 152  lista_argumentos : argumento
 153                   | lista_argumentos ',' argumento

 154  argumento : expression FLECHA ID
 155            | expression

 156  impresion : PRINT imprimible ';'
 157            | PRINT imprimible error

 158  imprimible : '(' elemento_imprimible ')'
 159             | '(' ')'
 160             | elemento_imprimible
 161             |

 162  elemento_imprimible : STR
 163                      | expression

 164  lambda : parametro_lambda bloque_ejecutable argumento_lambda ';'
 165         | parametro_lambda bloque_ejecutable argumento_lambda error
 166         | parametro_lambda '{' conjunto_sentencias_ejecutables argumento_lambda error
 167         | parametro_lambda conjunto_sentencias_ejecutables argumento_lambda error
 168         | parametro_lambda conjunto_sentencias_ejecutables '}' argumento_lambda error

 169  argumento_lambda : '(' factor ')'
 170                   | '(' ')'
 171                   |

 172  parametro_lambda : '(' UINT ID ')'

state 0
	$accept : . program $end  (0)
	$$1 : .  (3)

	error  shift 1
	EOF  shift 2
	ID  shift 3
	$end  reduce 3
	'{'  reduce 3

	program  goto 4
	program_name  goto 5
	$$1  goto 6


state 1
	program : error . $$2 program_name program_body  (6)
	program : error . EOF  (7)
	$$2 : .  (5)

	EOF  shift 7
	ID  reduce 5

	$$2  goto 8


state 2
	program : EOF .  (8)

	.  reduce 8


state 3
	program_name : ID .  (9)

	.  reduce 9


state 4
	$accept : program . $end  (0)

	$end  accept


state 5
	program : program_name . program_body  (1)
	program : program_name . statement_list  (2)
	program_body : .  (15)

	error  shift 9
	ID  shift 10
	PRINT  shift 11
	IF  shift 12
	UINT  shift 13
	DO  shift 14
	RETURN  shift 15
	'{'  shift 16
	'('  shift 17
	$end  reduce 15

	inicio_funcion  goto 18
	variable  goto 19
	invocacion_funcion  goto 20
	parametro_lambda  goto 21
	list_of_variables  goto 22
	multiple_assignment  goto 23
	program_body  goto 24
	statement_list  goto 25
	open_brace_list  goto 26
	statement  goto 27
	executable_statement  goto 28
	declarative_statement  goto 29
	declaration_of_variables  goto 30
	declaracion_funcion  goto 31
	asignacion_simple  goto 32
	sentencia_control  goto 33
	sentencia_retorno  goto 34
	impresion  goto 35
	lambda  goto 36
	if  goto 37
	iteracion  goto 38
	if_start  goto 39
	do_while  goto 40
	do_while_start  goto 41


state 6
	program : $$1 . program_body  (4)
	program_body : .  (15)

	'{'  shift 16
	$end  reduce 15

	program_body  goto 42
	open_brace_list  goto 26


state 7
	program : error EOF .  (7)

	.  reduce 7


state 8
	program : error $$2 . program_name program_body  (6)

	ID  shift 3
	.  error

	program_name  goto 43


state 9
	statement_list : error . ';'  (23)

	';'  shift 44
	.  error


state 10
	variable : ID .  (90)
	variable : ID . '.' ID  (91)
	invocacion_funcion : ID . '(' lista_argumentos ')'  (151)

	'.'  shift 45
	'('  shift 46
	error  reduce 90
	ID  reduce 90
	CTE  reduce 90
	EQ  reduce 90
	GEQ  reduce 90
	LEQ  reduce 90
	NEQ  reduce 90
	DASIG  reduce 90
	FLECHA  reduce 90
	';'  reduce 90
	','  reduce 90
	'='  reduce 90
	'+'  reduce 90
	'-'  reduce 90
	'/'  reduce 90
	'*'  reduce 90
	')'  reduce 90
	'>'  reduce 90
	'<'  reduce 90


state 11
	impresion : PRINT . imprimible ';'  (156)
	impresion : PRINT . imprimible error  (157)
	imprimible : .  (161)

	ID  shift 10
	CTE  shift 47
	STR  shift 48
	'+'  shift 49
	'-'  shift 50
	'/'  shift 51
	'*'  shift 52
	'('  shift 53
	error  reduce 161
	';'  reduce 161

	expression  goto 54
	termino  goto 55
	factor  goto 56
	operador_multiplicacion  goto 57
	variable  goto 58
	constant  goto 59
	invocacion_funcion  goto 60
	imprimible  goto 61
	elemento_imprimible  goto 62


state 12
	if : IF . error  (108)
	if_start : IF . condicion  (109)

	error  shift 63
	ID  shift 10
	CTE  shift 47
	'+'  shift 49
	'-'  shift 50
	'/'  shift 51
	'*'  shift 52
	'('  shift 64
	.  error

	expression  goto 65
	termino  goto 66
	factor  goto 56
	operador_multiplicacion  goto 57
	variable  goto 58
	constant  goto 59
	invocacion_funcion  goto 60
	condicion  goto 67
	cuerpo_condicion  goto 68


state 13
	declaration_of_variables : UINT . list_of_identifiers ';'  (46)
	declaration_of_variables : UINT . list_of_identifiers error  (47)
	declaration_of_variables : UINT . identifier DASIG constant ';'  (48)
	declaration_of_variables : UINT . error  (49)
	inicio_funcion : UINT . ID  (131)
	inicio_funcion : UINT .  (132)

	error  shift 69
	ID  shift 70
	'('  reduce 132

	identifier  goto 71
	list_of_identifiers  goto 72


state 14
	do_while_start : DO .  (123)

	.  reduce 123


state 15
	sentencia_retorno : RETURN . '(' expression ')' ';'  (146)
	sentencia_retorno : RETURN . '(' expression ')' error  (147)
	sentencia_retorno : RETURN . '(' ')' ';'  (148)
	sentencia_retorno : RETURN . expression ';'  (149)
	sentencia_retorno : RETURN . error  (150)

	error  shift 73
	ID  shift 10
	CTE  shift 47
	'+'  shift 49
	'-'  shift 50
	'/'  shift 51
	'*'  shift 52
	'('  shift 74
	.  error

	expression  goto 75
	termino  goto 55
	factor  goto 56
	operador_multiplicacion  goto 57
	variable  goto 58
	constant  goto 59
	invocacion_funcion  goto 60


state 16
	program_body : '{' . statement_list '}'  (10)
	program_body : '{' . statement_list close_brace_list  (11)
	program_body : '{' . '}'  (14)
	program_body : '{' . error '}'  (16)
	open_brace_list : '{' . '{'  (17)

	error  shift 76
	ID  shift 10
	PRINT  shift 11
	IF  shift 12
	UINT  shift 13
	DO  shift 14
	RETURN  shift 15
	'{'  shift 77
	'}'  shift 78
	'('  shift 17
	.  error

	inicio_funcion  goto 18
	variable  goto 19
	invocacion_funcion  goto 20
	parametro_lambda  goto 21
	list_of_variables  goto 22
	multiple_assignment  goto 23
	statement_list  goto 79
	statement  goto 27
	executable_statement  goto 28
	declarative_statement  goto 29
	declaration_of_variables  goto 30
	declaracion_funcion  goto 31
	asignacion_simple  goto 32
	sentencia_control  goto 33
	sentencia_retorno  goto 34
	impresion  goto 35
	lambda  goto 36
	if  goto 37
	iteracion  goto 38
	if_start  goto 39
	do_while  goto 40
	do_while_start  goto 41


state 17
	parametro_lambda : '(' . UINT ID ')'  (172)

	UINT  shift 80
	.  error


state 18
	declaracion_funcion : inicio_funcion . conjunto_parametros '{' statement_list '}'  (129)
	declaracion_funcion : inicio_funcion . conjunto_parametros '{' '}'  (130)

	'('  shift 81
	.  error

	conjunto_parametros  goto 82


state 19
	asignacion_simple : variable . DASIG expression ';'  (54)
	asignacion_simple : variable . DASIG expression error  (55)
	asignacion_simple : variable . expression ';'  (56)
	asignacion_simple : variable . DASIG error  (57)
	list_of_variables : variable . '='  (60)
	list_of_variables : variable . ',' list_of_variables  (61)
	list_of_variables : variable . list_of_variables  (62)

	ID  shift 10
	CTE  shift 47
	DASIG  shift 83
	','  shift 84
	'='  shift 85
	'+'  shift 49
	'-'  shift 50
	'/'  shift 51
	'*'  shift 52
	.  error

	expression  goto 86
	termino  goto 55
	factor  goto 56
	operador_multiplicacion  goto 57
	variable  goto 87
	constant  goto 59
	invocacion_funcion  goto 60
	list_of_variables  goto 88


state 20
	executable_statement : invocacion_funcion . ';'  (36)
	executable_statement : invocacion_funcion . error  (43)

	error  shift 89
	';'  shift 90
	.  error


state 21
	lambda : parametro_lambda . bloque_ejecutable argumento_lambda ';'  (164)
	lambda : parametro_lambda . bloque_ejecutable argumento_lambda error  (165)
	lambda : parametro_lambda . '{' conjunto_sentencias_ejecutables argumento_lambda error  (166)
	lambda : parametro_lambda . conjunto_sentencias_ejecutables argumento_lambda error  (167)
	lambda : parametro_lambda . conjunto_sentencias_ejecutables '}' argumento_lambda error  (168)

	ID  shift 10
	PRINT  shift 11
	IF  shift 12
	DO  shift 14
	RETURN  shift 15
	'{'  shift 91
	'('  shift 17
	.  error

	variable  goto 19
	invocacion_funcion  goto 20
	parametro_lambda  goto 21
	list_of_variables  goto 22
	multiple_assignment  goto 23
	executable_statement  goto 92
	bloque_ejecutable  goto 93
	conjunto_sentencias_ejecutables  goto 94
	asignacion_simple  goto 32
	sentencia_control  goto 33
	sentencia_retorno  goto 34
	impresion  goto 35
	lambda  goto 36
	if  goto 37
	iteracion  goto 38
	if_start  goto 39
	do_while  goto 40
	do_while_start  goto 41


state 22
	multiple_assignment : list_of_variables . list_of_constants ';'  (58)
	multiple_assignment : list_of_variables . DASIG list_of_constants error  (59)

	CTE  shift 47
	DASIG  shift 95
	'-'  shift 50
	.  error

	constant  goto 96
	list_of_constants  goto 97


state 23
	executable_statement : multiple_assignment .  (38)

	.  reduce 38


state 24
	program : program_name program_body .  (1)

	.  reduce 1


state 25
	program : program_name statement_list .  (2)
	statement_list : statement_list . statement  (22)

	ID  shift 10
	PRINT  shift 11
	IF  shift 12
	UINT  shift 13
	DO  shift 14
	RETURN  shift 15
	'('  shift 17
	$end  reduce 2

	inicio_funcion  goto 18
	variable  goto 19
	invocacion_funcion  goto 20
	parametro_lambda  goto 21
	list_of_variables  goto 22
	multiple_assignment  goto 23
	statement  goto 98
	executable_statement  goto 28
	declarative_statement  goto 29
	declaration_of_variables  goto 30
	declaracion_funcion  goto 31
	asignacion_simple  goto 32
	sentencia_control  goto 33
	sentencia_retorno  goto 34
	impresion  goto 35
	lambda  goto 36
	if  goto 37
	iteracion  goto 38
	if_start  goto 39
	do_while  goto 40
	do_while_start  goto 41


state 26
	program_body : open_brace_list . $$3 statement_list '}'  (13)
	open_brace_list : open_brace_list . '{'  (18)
	$$3 : .  (12)

	'{'  shift 99
	error  reduce 12
	ID  reduce 12
	PRINT  reduce 12
	IF  reduce 12
	UINT  reduce 12
	DO  reduce 12
	RETURN  reduce 12
	'('  reduce 12

	$$3  goto 100


state 27
	statement_list : statement .  (21)

	.  reduce 21


state 28
	statement : executable_statement .  (24)

	.  reduce 24


state 29
	statement : declarative_statement .  (25)

	.  reduce 25


state 30
	declarative_statement : declaration_of_variables .  (26)

	.  reduce 26


state 31
	declarative_statement : declaracion_funcion . punto_y_coma_opcional  (27)
	punto_y_coma_opcional : .  (28)

	';'  shift 101
	$end  reduce 28
	ID  reduce 28
	PRINT  reduce 28
	IF  reduce 28
	UINT  reduce 28
	DO  reduce 28
	RETURN  reduce 28
	'}'  reduce 28
	'('  reduce 28

	punto_y_coma_opcional  goto 102


state 32
	executable_statement : asignacion_simple .  (37)

	.  reduce 37


state 33
	executable_statement : sentencia_control .  (39)

	.  reduce 39


state 34
	executable_statement : sentencia_retorno .  (40)

	.  reduce 40


state 35
	executable_statement : impresion .  (41)

	.  reduce 41


state 36
	executable_statement : lambda .  (42)

	.  reduce 42


state 37
	sentencia_control : if .  (44)

	.  reduce 44


state 38
	sentencia_control : iteracion .  (45)

	.  reduce 45


state 39
	if : if_start . cuerpo_if  (107)
	rama_else : .  (115)

	ID  shift 10
	PRINT  shift 11
	IF  shift 12
	ELSE  shift 103
	DO  shift 14
	RETURN  shift 15
	'{'  shift 104
	'('  shift 17
	ENDIF  reduce 115

	variable  goto 19
	invocacion_funcion  goto 20
	parametro_lambda  goto 21
	list_of_variables  goto 22
	multiple_assignment  goto 23
	executable_statement  goto 105
	cuerpo_ejecutable  goto 106
	bloque_ejecutable  goto 107
	asignacion_simple  goto 32
	sentencia_control  goto 33
	sentencia_retorno  goto 34
	impresion  goto 35
	lambda  goto 36
	if  goto 37
	iteracion  goto 38
	if_start  goto 39
	cuerpo_if  goto 108
	cuerpo_then  goto 109
	rama_else  goto 110
	else_start  goto 111
	do_while  goto 40
	do_while_start  goto 41


state 40
	iteracion : do_while .  (119)

	.  reduce 119


state 41
	do_while : do_while_start . cuerpo_iteracion ';'  (120)
	do_while : do_while_start . cuerpo_iteracion error  (121)
	do_while : do_while_start . error  (122)

	error  shift 112
	ID  shift 10
	PRINT  shift 11
	IF  shift 12
	DO  shift 14
	WHILE  shift 113
	RETURN  shift 15
	'{'  shift 104
	'('  shift 17
	.  error

	variable  goto 19
	invocacion_funcion  goto 20
	parametro_lambda  goto 21
	list_of_variables  goto 22
	multiple_assignment  goto 23
	executable_statement  goto 105
	cuerpo_ejecutable  goto 114
	bloque_ejecutable  goto 107
	asignacion_simple  goto 32
	sentencia_control  goto 33
	sentencia_retorno  goto 34
	impresion  goto 35
	lambda  goto 36
	if  goto 37
	iteracion  goto 38
	if_start  goto 39
	do_while  goto 40
	do_while_start  goto 41
	cuerpo_iteracion  goto 115
	cuerpo_do  goto 116
	fin_cuerpo_iteracion  goto 117


state 42
	program : $$1 program_body .  (4)

	.  reduce 4


state 43
	program : error $$2 program_name . program_body  (6)
	program_body : .  (15)

	'{'  shift 16
	$end  reduce 15

	program_body  goto 118
	open_brace_list  goto 26


state 44
	statement_list : error ';' .  (23)

	.  reduce 23


state 45
	variable : ID '.' . ID  (91)

	ID  shift 119
	.  error


state 46
	invocacion_funcion : ID '(' . lista_argumentos ')'  (151)

	ID  shift 10
	CTE  shift 47
	'+'  shift 49
	'-'  shift 50
	'/'  shift 51
	'*'  shift 52
	.  error

	expression  goto 120
	termino  goto 55
	factor  goto 56
	operador_multiplicacion  goto 57
	variable  goto 58
	constant  goto 59
	invocacion_funcion  goto 60
	lista_argumentos  goto 121
	argumento  goto 122


state 47
	constant : CTE .  (88)

	.  reduce 88


state 48
	elemento_imprimible : STR .  (162)

	.  reduce 162


state 49
	expression : '+' . termino  (70)

	ID  shift 10
	CTE  shift 47
	'-'  shift 50
	'/'  shift 51
	'*'  shift 52
	.  error

	termino  goto 123
	factor  goto 56
	operador_multiplicacion  goto 57
	variable  goto 58
	constant  goto 59
	invocacion_funcion  goto 60


state 50
	constant : '-' . CTE  (89)

	CTE  shift 124
	.  error


state 51
	operador_multiplicacion : '/' .  (80)

	.  reduce 80


state 52
	operador_multiplicacion : '*' .  (81)

	.  reduce 81


state 53
	imprimible : '(' . elemento_imprimible ')'  (158)
	imprimible : '(' . ')'  (159)

	ID  shift 10
	CTE  shift 47
	STR  shift 48
	'+'  shift 49
	'-'  shift 50
	'/'  shift 51
	'*'  shift 52
	')'  shift 125
	.  error

	expression  goto 54
	termino  goto 55
	factor  goto 56
	operador_multiplicacion  goto 57
	variable  goto 58
	constant  goto 59
	invocacion_funcion  goto 60
	elemento_imprimible  goto 126


state 54
	expression : expression . operador_suma termino  (67)
	expression : expression . operador_suma error  (68)
	expression : expression . termino_simple  (69)
	elemento_imprimible : expression .  (163)

	ID  shift 10
	CTE  shift 127
	'+'  shift 128
	'-'  shift 129
	error  reduce 163
	';'  reduce 163
	')'  reduce 163

	termino_simple  goto 130
	factor_simple  goto 131
	operador_suma  goto 132
	variable  goto 133
	invocacion_funcion  goto 134


state 55
	expression : termino .  (66)
	termino : termino . operador_multiplicacion factor  (73)
	termino : termino . operador_multiplicacion error  (75)

	'/'  shift 51
	'*'  shift 52
	error  reduce 66
	ID  reduce 66
	CTE  reduce 66
	FLECHA  reduce 66
	';'  reduce 66
	','  reduce 66
	'+'  reduce 66
	'-'  reduce 66
	')'  reduce 66

	operador_multiplicacion  goto 135


state 56
	termino : factor .  (74)

	.  reduce 74


state 57
	termino : operador_multiplicacion . factor  (76)

	ID  shift 10
	CTE  shift 47
	'-'  shift 50
	.  error

	factor  goto 136
	variable  goto 58
	constant  goto 59
	invocacion_funcion  goto 60


state 58
	factor : variable . error  (82)

	error  shift 137
	.  error


state 59
	factor : constant .  (83)

	.  reduce 83


state 60
	factor : invocacion_funcion .  (84)

	.  reduce 84


state 61
	impresion : PRINT imprimible . ';'  (156)
	impresion : PRINT imprimible . error  (157)

	error  shift 138
	';'  shift 139
	.  error


state 62
	imprimible : elemento_imprimible .  (160)

	.  reduce 160


state 63
	if : IF error .  (108)

	.  reduce 108


state 64
	condicion : '(' . cuerpo_condicion ')'  (92)
	condicion : '(' . ')'  (93)
	condicion : '(' . cuerpo_condicion error  (95)

	ID  shift 10
	CTE  shift 47
	'+'  shift 49
	'-'  shift 50
	'/'  shift 51
	'*'  shift 52
	')'  shift 140
	.  error

	expression  goto 65
	termino  goto 66
	factor  goto 56
	operador_multiplicacion  goto 57
	variable  goto 58
	constant  goto 59
	invocacion_funcion  goto 60
	cuerpo_condicion  goto 141


state 65
	expression : expression . operador_suma termino  (67)
	expression : expression . operador_suma error  (68)
	expression : expression . termino_simple  (69)
	cuerpo_condicion : expression . comparador expression  (96)
	cuerpo_condicion : expression . termino_simple  (97)
	cuerpo_condicion : expression . operador_suma termino  (98)

	ID  shift 10
	CTE  shift 127
	EQ  shift 142
	GEQ  shift 143
	LEQ  shift 144
	NEQ  shift 145
	'='  shift 146
	'+'  shift 128
	'-'  shift 129
	'>'  shift 147
	'<'  shift 148
	.  error

	termino_simple  goto 149
	factor_simple  goto 131
	operador_suma  goto 150
	variable  goto 133
	invocacion_funcion  goto 134
	comparador  goto 151


state 66
	expression : termino .  (66)
	termino : termino . operador_multiplicacion factor  (73)
	termino : termino . operador_multiplicacion error  (75)
	cuerpo_condicion : termino .  (99)

	'/'  shift 51
	'*'  shift 52
	error  reduce 99
	ID  reduce 66
	CTE  reduce 66
	EQ  reduce 66
	GEQ  reduce 66
	LEQ  reduce 66
	NEQ  reduce 66
	'='  reduce 66
	'+'  reduce 66
	'-'  reduce 66
	')'  reduce 99
	'>'  reduce 66
	'<'  reduce 66

	operador_multiplicacion  goto 135


state 67
	if_start : IF condicion .  (109)

	.  reduce 109


state 68
	condicion : cuerpo_condicion . ')'  (94)

	')'  shift 152
	.  error


state 69
	declaration_of_variables : UINT error .  (49)

	.  reduce 49


state 70
	identifier : ID .  (53)
	inicio_funcion : UINT ID .  (131)

	error  reduce 53
	ID  reduce 53
	DASIG  reduce 53
	';'  reduce 53
	','  reduce 53
	'('  reduce 131


state 71
	declaration_of_variables : UINT identifier . DASIG constant ';'  (48)
	list_of_identifiers : identifier .  (50)

	DASIG  shift 153
	error  reduce 50
	ID  reduce 50
	';'  reduce 50
	','  reduce 50


state 72
	declaration_of_variables : UINT list_of_identifiers . ';'  (46)
	declaration_of_variables : UINT list_of_identifiers . error  (47)
	list_of_identifiers : list_of_identifiers . ',' identifier  (51)
	list_of_identifiers : list_of_identifiers . ID  (52)

	error  shift 154
	ID  shift 155
	';'  shift 156
	','  shift 157
	.  error


state 73
	sentencia_retorno : RETURN error .  (150)

	.  reduce 150


state 74
	sentencia_retorno : RETURN '(' . expression ')' ';'  (146)
	sentencia_retorno : RETURN '(' . expression ')' error  (147)
	sentencia_retorno : RETURN '(' . ')' ';'  (148)

	ID  shift 10
	CTE  shift 47
	'+'  shift 49
	'-'  shift 50
	'/'  shift 51
	'*'  shift 52
	')'  shift 158
	.  error

	expression  goto 159
	termino  goto 55
	factor  goto 56
	operador_multiplicacion  goto 57
	variable  goto 58
	constant  goto 59
	invocacion_funcion  goto 60


state 75
	expression : expression . operador_suma termino  (67)
	expression : expression . operador_suma error  (68)
	expression : expression . termino_simple  (69)
	sentencia_retorno : RETURN expression . ';'  (149)

	ID  shift 10
	CTE  shift 127
	';'  shift 160
	'+'  shift 128
	'-'  shift 129
	.  error

	termino_simple  goto 130
	factor_simple  goto 131
	operador_suma  goto 132
	variable  goto 133
	invocacion_funcion  goto 134


state 76
	program_body : '{' error . '}'  (16)
	statement_list : error . ';'  (23)

	'}'  shift 161
	';'  shift 44
	.  error


state 77
	open_brace_list : '{' '{' .  (17)

	.  reduce 17


state 78
	program_body : '{' '}' .  (14)

	.  reduce 14


state 79
	program_body : '{' statement_list . '}'  (10)
	program_body : '{' statement_list . close_brace_list  (11)
	statement_list : statement_list . statement  (22)

	ID  shift 10
	PRINT  shift 11
	IF  shift 12
	UINT  shift 13
	DO  shift 14
	RETURN  shift 15
	'}'  shift 162
	'('  shift 17
	.  error

	inicio_funcion  goto 18
	variable  goto 19
	invocacion_funcion  goto 20
	parametro_lambda  goto 21
	list_of_variables  goto 22
	multiple_assignment  goto 23
	close_brace_list  goto 163
	statement  goto 98
	executable_statement  goto 28
	declarative_statement  goto 29
	declaration_of_variables  goto 30
	declaracion_funcion  goto 31
	asignacion_simple  goto 32
	sentencia_control  goto 33
	sentencia_retorno  goto 34
	impresion  goto 35
	lambda  goto 36
	if  goto 37
	iteracion  goto 38
	if_start  goto 39
	do_while  goto 40
	do_while_start  goto 41


state 80
	parametro_lambda : '(' UINT . ID ')'  (172)

	ID  shift 164
	.  error


state 81
	conjunto_parametros : '(' . lista_parametros ')'  (133)
	conjunto_parametros : '(' . ')'  (134)
	semantica_pasaje : .  (143)

	error  shift 165
	CVR  shift 166
	','  shift 167
	')'  shift 168
	ID  reduce 143
	UINT  reduce 143

	semantica_pasaje  goto 169
	lista_parametros  goto 170
	parametro_formal  goto 171
	parametro_vacio  goto 172


state 82
	declaracion_funcion : inicio_funcion conjunto_parametros . '{' statement_list '}'  (129)
	declaracion_funcion : inicio_funcion conjunto_parametros . '{' '}'  (130)

	'{'  shift 173
	.  error


state 83
	asignacion_simple : variable DASIG . expression ';'  (54)
	asignacion_simple : variable DASIG . expression error  (55)
	asignacion_simple : variable DASIG . error  (57)

	error  shift 174
	ID  shift 10
	CTE  shift 47
	'+'  shift 49
	'-'  shift 50
	'/'  shift 51
	'*'  shift 52
	.  error

	expression  goto 175
	termino  goto 55
	factor  goto 56
	operador_multiplicacion  goto 57
	variable  goto 58
	constant  goto 59
	invocacion_funcion  goto 60


state 84
	list_of_variables : variable ',' . list_of_variables  (61)

	ID  shift 176
	.  error

	variable  goto 177
	list_of_variables  goto 178


state 85
	list_of_variables : variable '=' .  (60)

	.  reduce 60


state 86
	asignacion_simple : variable expression . ';'  (56)
	expression : expression . operador_suma termino  (67)
	expression : expression . operador_suma error  (68)
	expression : expression . termino_simple  (69)

	ID  shift 10
	CTE  shift 127
	';'  shift 179
	'+'  shift 128
	'-'  shift 129
	.  error

	termino_simple  goto 130
	factor_simple  goto 131
	operador_suma  goto 132
	variable  goto 133
	invocacion_funcion  goto 134


state 87
	list_of_variables : variable . '='  (60)
	list_of_variables : variable . ',' list_of_variables  (61)
	list_of_variables : variable . list_of_variables  (62)
	factor : variable . error  (82)

	error  shift 137
	ID  shift 176
	','  shift 84
	'='  shift 85
	.  error

	variable  goto 177
	list_of_variables  goto 88


state 88
	list_of_variables : variable list_of_variables .  (62)

	.  reduce 62


state 89
	executable_statement : invocacion_funcion error .  (43)

	.  reduce 43


state 90
	executable_statement : invocacion_funcion ';' .  (36)

	.  reduce 36


state 91
	bloque_ejecutable : '{' . conjunto_sentencias_ejecutables '}'  (32)
	bloque_ejecutable : '{' . '}'  (33)
	lambda : parametro_lambda '{' . conjunto_sentencias_ejecutables argumento_lambda error  (166)

	ID  shift 10
	PRINT  shift 11
	IF  shift 12
	DO  shift 14
	RETURN  shift 15
	'}'  shift 180
	'('  shift 17
	.  error

	variable  goto 19
	invocacion_funcion  goto 20
	parametro_lambda  goto 21
	list_of_variables  goto 22
	multiple_assignment  goto 23
	executable_statement  goto 92
	conjunto_sentencias_ejecutables  goto 181
	asignacion_simple  goto 32
	sentencia_control  goto 33
	sentencia_retorno  goto 34
	impresion  goto 35
	lambda  goto 36
	if  goto 37
	iteracion  goto 38
	if_start  goto 39
	do_while  goto 40
	do_while_start  goto 41


state 92
	conjunto_sentencias_ejecutables : executable_statement .  (34)

	.  reduce 34


state 93
	lambda : parametro_lambda bloque_ejecutable . argumento_lambda ';'  (164)
	lambda : parametro_lambda bloque_ejecutable . argumento_lambda error  (165)
	argumento_lambda : .  (171)

	'('  shift 182
	error  reduce 171
	';'  reduce 171

	argumento_lambda  goto 183


state 94
	conjunto_sentencias_ejecutables : conjunto_sentencias_ejecutables . executable_statement  (35)
	lambda : parametro_lambda conjunto_sentencias_ejecutables . argumento_lambda error  (167)
	lambda : parametro_lambda conjunto_sentencias_ejecutables . '}' argumento_lambda error  (168)
	argumento_lambda : .  (171)

	ID  shift 10
	PRINT  shift 11
	IF  shift 12
	DO  shift 14
	RETURN  shift 15
	'}'  shift 184
	'('  shift 185
	error  reduce 171

	variable  goto 19
	invocacion_funcion  goto 20
	parametro_lambda  goto 21
	argumento_lambda  goto 186
	list_of_variables  goto 22
	multiple_assignment  goto 23
	executable_statement  goto 187
	asignacion_simple  goto 32
	sentencia_control  goto 33
	sentencia_retorno  goto 34
	impresion  goto 35
	lambda  goto 36
	if  goto 37
	iteracion  goto 38
	if_start  goto 39
	do_while  goto 40
	do_while_start  goto 41


state 95
	multiple_assignment : list_of_variables DASIG . list_of_constants error  (59)

	CTE  shift 47
	'-'  shift 50
	.  error

	constant  goto 96
	list_of_constants  goto 188


state 96
	list_of_constants : constant .  (63)

	.  reduce 63


state 97
	multiple_assignment : list_of_variables list_of_constants . ';'  (58)
	list_of_constants : list_of_constants . ',' constant  (64)
	list_of_constants : list_of_constants . constant  (65)

	CTE  shift 47
	';'  shift 189
	','  shift 190
	'-'  shift 50
	.  error

	constant  goto 191


state 98
	statement_list : statement_list statement .  (22)

	.  reduce 22


state 99
	open_brace_list : open_brace_list '{' .  (18)

	.  reduce 18


state 100
	program_body : open_brace_list $$3 . statement_list '}'  (13)

	error  shift 9
	ID  shift 10
	PRINT  shift 11
	IF  shift 12
	UINT  shift 13
	DO  shift 14
	RETURN  shift 15
	'('  shift 17
	.  error

	inicio_funcion  goto 18
	variable  goto 19
	invocacion_funcion  goto 20
	parametro_lambda  goto 21
	list_of_variables  goto 22
	multiple_assignment  goto 23
	statement_list  goto 192
	statement  goto 27
	executable_statement  goto 28
	declarative_statement  goto 29
	declaration_of_variables  goto 30
	declaracion_funcion  goto 31
	asignacion_simple  goto 32
	sentencia_control  goto 33
	sentencia_retorno  goto 34
	impresion  goto 35
	lambda  goto 36
	if  goto 37
	iteracion  goto 38
	if_start  goto 39
	do_while  goto 40
	do_while_start  goto 41


state 101
	punto_y_coma_opcional : ';' .  (29)

	.  reduce 29


state 102
	declarative_statement : declaracion_funcion punto_y_coma_opcional .  (27)

	.  reduce 27


state 103
	else_start : ELSE .  (118)

	.  reduce 118


state 104
	bloque_ejecutable : '{' . conjunto_sentencias_ejecutables '}'  (32)
	bloque_ejecutable : '{' . '}'  (33)

	ID  shift 10
	PRINT  shift 11
	IF  shift 12
	DO  shift 14
	RETURN  shift 15
	'}'  shift 180
	'('  shift 17
	.  error

	variable  goto 19
	invocacion_funcion  goto 20
	parametro_lambda  goto 21
	list_of_variables  goto 22
	multiple_assignment  goto 23
	executable_statement  goto 92
	conjunto_sentencias_ejecutables  goto 193
	asignacion_simple  goto 32
	sentencia_control  goto 33
	sentencia_retorno  goto 34
	impresion  goto 35
	lambda  goto 36
	if  goto 37
	iteracion  goto 38
	if_start  goto 39
	do_while  goto 40
	do_while_start  goto 41


state 105
	cuerpo_ejecutable : executable_statement .  (30)

	.  reduce 30


state 106
	cuerpo_then : cuerpo_ejecutable .  (114)

	.  reduce 114


state 107
	cuerpo_ejecutable : bloque_ejecutable .  (31)

	.  reduce 31


state 108
	if : if_start cuerpo_if .  (107)

	.  reduce 107


state 109
	cuerpo_if : cuerpo_then . rama_else ENDIF ';'  (110)
	cuerpo_if : cuerpo_then . rama_else ENDIF error  (111)
	cuerpo_if : cuerpo_then . rama_else ';'  (112)
	rama_else : .  (115)

	ELSE  shift 103
	ENDIF  reduce 115
	';'  reduce 115

	rama_else  goto 194
	else_start  goto 111


state 110
	cuerpo_if : rama_else . ENDIF ';'  (113)

	ENDIF  shift 195
	.  error


state 111
	rama_else : else_start . cuerpo_ejecutable  (116)
	rama_else : else_start .  (117)

	ID  shift 10
	PRINT  shift 11
	IF  shift 12
	DO  shift 14
	RETURN  shift 15
	'{'  shift 104
	'('  shift 17
	ENDIF  reduce 117
	';'  reduce 117

	variable  goto 19
	invocacion_funcion  goto 20
	parametro_lambda  goto 21
	list_of_variables  goto 22
	multiple_assignment  goto 23
	executable_statement  goto 105
	cuerpo_ejecutable  goto 196
	bloque_ejecutable  goto 107
	asignacion_simple  goto 32
	sentencia_control  goto 33
	sentencia_retorno  goto 34
	impresion  goto 35
	lambda  goto 36
	if  goto 37
	iteracion  goto 38
	if_start  goto 39
	do_while  goto 40
	do_while_start  goto 41


state 112
	do_while : do_while_start error .  (122)

	.  reduce 122


state 113
	fin_cuerpo_iteracion : WHILE . condicion  (128)

	ID  shift 10
	CTE  shift 47
	'+'  shift 49
	'-'  shift 50
	'/'  shift 51
	'*'  shift 52
	'('  shift 64
	.  error

	expression  goto 65
	termino  goto 66
	factor  goto 56
	operador_multiplicacion  goto 57
	variable  goto 58
	constant  goto 59
	invocacion_funcion  goto 60
	condicion  goto 197
	cuerpo_condicion  goto 68


state 114
	cuerpo_iteracion : cuerpo_ejecutable . condicion  (126)
	cuerpo_do : cuerpo_ejecutable .  (127)

	ID  shift 10
	CTE  shift 47
	'+'  shift 49
	'-'  shift 50
	'/'  shift 51
	'*'  shift 52
	'('  shift 64
	WHILE  reduce 127

	expression  goto 65
	termino  goto 66
	factor  goto 56
	operador_multiplicacion  goto 57
	variable  goto 58
	constant  goto 59
	invocacion_funcion  goto 60
	condicion  goto 198
	cuerpo_condicion  goto 68


state 115
	do_while : do_while_start cuerpo_iteracion . ';'  (120)
	do_while : do_while_start cuerpo_iteracion . error  (121)

	error  shift 199
	';'  shift 200
	.  error


state 116
	cuerpo_iteracion : cuerpo_do . fin_cuerpo_iteracion  (124)

	WHILE  shift 113
	.  error

	fin_cuerpo_iteracion  goto 201


state 117
	cuerpo_iteracion : fin_cuerpo_iteracion .  (125)

	.  reduce 125


state 118
	program : error $$2 program_name program_body .  (6)

	.  reduce 6


state 119
	variable : ID '.' ID .  (91)

	.  reduce 91


state 120
	expression : expression . operador_suma termino  (67)
	expression : expression . operador_suma error  (68)
	expression : expression . termino_simple  (69)
	argumento : expression . FLECHA ID  (154)
	argumento : expression .  (155)

	ID  shift 10
	CTE  shift 127
	FLECHA  shift 202
	'+'  shift 128
	'-'  shift 129
	','  reduce 155
	')'  reduce 155

	termino_simple  goto 130
	factor_simple  goto 131
	operador_suma  goto 132
	variable  goto 133
	invocacion_funcion  goto 134


state 121
	invocacion_funcion : ID '(' lista_argumentos . ')'  (151)
	lista_argumentos : lista_argumentos . ',' argumento  (153)

	','  shift 203
	')'  shift 204
	.  error


state 122
	lista_argumentos : argumento .  (152)

	.  reduce 152


state 123
	expression : '+' termino .  (70)
	termino : termino . operador_multiplicacion factor  (73)
	termino : termino . operador_multiplicacion error  (75)

	'/'  shift 51
	'*'  shift 52
	error  reduce 70
	ID  reduce 70
	CTE  reduce 70
	EQ  reduce 70
	GEQ  reduce 70
	LEQ  reduce 70
	NEQ  reduce 70
	FLECHA  reduce 70
	';'  reduce 70
	','  reduce 70
	'='  reduce 70
	'+'  reduce 70
	'-'  reduce 70
	')'  reduce 70
	'>'  reduce 70
	'<'  reduce 70

	operador_multiplicacion  goto 135


state 124
	constant : '-' CTE .  (89)

	.  reduce 89


state 125
	imprimible : '(' ')' .  (159)

	.  reduce 159


state 126
	imprimible : '(' elemento_imprimible . ')'  (158)

	')'  shift 205
	.  error


state 127
	factor_simple : CTE .  (86)

	.  reduce 86


state 128
	operador_suma : '+' .  (71)

	.  reduce 71


state 129
	operador_suma : '-' .  (72)

	.  reduce 72


state 130
	expression : expression termino_simple .  (69)
	termino_simple : termino_simple . operador_multiplicacion factor  (77)
	termino_simple : termino_simple . operador_multiplicacion error  (79)

	'/'  shift 51
	'*'  shift 52
	error  reduce 69
	ID  reduce 69
	CTE  reduce 69
	FLECHA  reduce 69
	';'  reduce 69
	','  reduce 69
	'+'  reduce 69
	'-'  reduce 69
	')'  reduce 69

	operador_multiplicacion  goto 206


state 131
	termino_simple : factor_simple .  (78)

	.  reduce 78


state 132
	expression : expression operador_suma . termino  (67)
	expression : expression operador_suma . error  (68)

	error  shift 207
	ID  shift 10
	CTE  shift 47
	'-'  shift 50
	'/'  shift 51
	'*'  shift 52
	.  error

	termino  goto 208
	factor  goto 56
	operador_multiplicacion  goto 57
	variable  goto 58
	constant  goto 59
	invocacion_funcion  goto 60


state 133
	factor_simple : variable .  (85)

	.  reduce 85


state 134
	factor_simple : invocacion_funcion .  (87)

	.  reduce 87


state 135
	termino : termino operador_multiplicacion . factor  (73)
	termino : termino operador_multiplicacion . error  (75)

	error  shift 209
	ID  shift 10
	CTE  shift 47
	'-'  shift 50
	.  error

	factor  goto 210
	variable  goto 58
	constant  goto 59
	invocacion_funcion  goto 60


state 136
	termino : operador_multiplicacion factor .  (76)

	.  reduce 76


state 137
	factor : variable error .  (82)

	.  reduce 82


state 138
	impresion : PRINT imprimible error .  (157)

	.  reduce 157


state 139
	impresion : PRINT imprimible ';' .  (156)

	.  reduce 156


state 140
	condicion : '(' ')' .  (93)

	.  reduce 93


state 141
	condicion : '(' cuerpo_condicion . ')'  (92)
	condicion : '(' cuerpo_condicion . error  (95)

	error  shift 211
	')'  shift 212
	.  error


state 142
	comparador : EQ .  (102)

	.  reduce 102


state 143
	comparador : GEQ .  (104)

	.  reduce 104


state 144
	comparador : LEQ .  (103)

	.  reduce 103


state 145
	comparador : NEQ .  (105)

	.  reduce 105


state 146
	comparador : '=' .  (106)

	.  reduce 106


state 147
	comparador : '>' .  (100)

	.  reduce 100


state 148
	comparador : '<' .  (101)

	.  reduce 101


state 149
	expression : expression termino_simple .  (69)
	termino_simple : termino_simple . operador_multiplicacion factor  (77)
	termino_simple : termino_simple . operador_multiplicacion error  (79)
	cuerpo_condicion : expression termino_simple .  (97)

	'/'  shift 51
	'*'  shift 52
	error  reduce 97
	ID  reduce 69
	CTE  reduce 69
	EQ  reduce 69
	GEQ  reduce 69
	LEQ  reduce 69
	NEQ  reduce 69
	'='  reduce 69
	'+'  reduce 69
	'-'  reduce 69
	')'  reduce 97
	'>'  reduce 69
	'<'  reduce 69

	operador_multiplicacion  goto 206


state 150
	expression : expression operador_suma . termino  (67)
	expression : expression operador_suma . error  (68)
	cuerpo_condicion : expression operador_suma . termino  (98)

	error  shift 207
	ID  shift 10
	CTE  shift 47
	'-'  shift 50
	'/'  shift 51
	'*'  shift 52
	.  error

	termino  goto 213
	factor  goto 56
	operador_multiplicacion  goto 57
	variable  goto 58
	constant  goto 59
	invocacion_funcion  goto 60


state 151
	cuerpo_condicion : expression comparador . expression  (96)

	ID  shift 10
	CTE  shift 47
	'+'  shift 49
	'-'  shift 50
	'/'  shift 51
	'*'  shift 52
	.  error

	expression  goto 214
	termino  goto 55
	factor  goto 56
	operador_multiplicacion  goto 57
	variable  goto 58
	constant  goto 59
	invocacion_funcion  goto 60


state 152
	condicion : cuerpo_condicion ')' .  (94)

	.  reduce 94


state 153
	declaration_of_variables : UINT identifier DASIG . constant ';'  (48)

	CTE  shift 47
	'-'  shift 50
	.  error

	constant  goto 215


state 154
	declaration_of_variables : UINT list_of_identifiers error .  (47)

	.  reduce 47


state 155
	list_of_identifiers : list_of_identifiers ID .  (52)

	.  reduce 52


state 156
	declaration_of_variables : UINT list_of_identifiers ';' .  (46)

	.  reduce 46


state 157
	list_of_identifiers : list_of_identifiers ',' . identifier  (51)

	ID  shift 216
	.  error

	identifier  goto 217


state 158
	sentencia_retorno : RETURN '(' ')' . ';'  (148)

	';'  shift 218
	.  error


state 159
	expression : expression . operador_suma termino  (67)
	expression : expression . operador_suma error  (68)
	expression : expression . termino_simple  (69)
	sentencia_retorno : RETURN '(' expression . ')' ';'  (146)
	sentencia_retorno : RETURN '(' expression . ')' error  (147)

	ID  shift 10
	CTE  shift 127
	'+'  shift 128
	'-'  shift 129
	')'  shift 219
	.  error

	termino_simple  goto 130
	factor_simple  goto 131
	operador_suma  goto 132
	variable  goto 133
	invocacion_funcion  goto 134


state 160
	sentencia_retorno : RETURN expression ';' .  (149)

	.  reduce 149


state 161
	program_body : '{' error '}' .  (16)

	.  reduce 16


state 162
	program_body : '{' statement_list '}' .  (10)
	close_brace_list : '}' . '}'  (19)

	'}'  shift 220
	$end  reduce 10


state 163
	program_body : '{' statement_list close_brace_list .  (11)
	close_brace_list : close_brace_list . '}'  (20)

	'}'  shift 221
	$end  reduce 11


state 164
	parametro_lambda : '(' UINT ID . ')'  (172)

	')'  shift 222
	.  error


state 165
	semantica_pasaje : error .  (145)

	.  reduce 145


state 166
	semantica_pasaje : CVR .  (144)

	.  reduce 144


state 167
	parametro_vacio : ',' . parametro_formal  (139)
	semantica_pasaje : .  (143)

	error  shift 165
	CVR  shift 166
	ID  reduce 143
	UINT  reduce 143

	semantica_pasaje  goto 169
	parametro_formal  goto 223


state 168
	conjunto_parametros : '(' ')' .  (134)

	.  reduce 134


state 169
	parametro_formal : semantica_pasaje . UINT ID  (140)
	parametro_formal : semantica_pasaje . UINT  (141)
	parametro_formal : semantica_pasaje . ID  (142)

	ID  shift 224
	UINT  shift 225
	.  error


state 170
	conjunto_parametros : '(' lista_parametros . ')'  (133)
	lista_parametros : lista_parametros . ',' parametro_formal  (136)
	parametro_vacio : lista_parametros . ','  (138)

	','  shift 226
	')'  shift 227
	.  error


state 171
	lista_parametros : parametro_formal .  (135)

	.  reduce 135


state 172
	lista_parametros : parametro_vacio .  (137)

	.  reduce 137


state 173
	declaracion_funcion : inicio_funcion conjunto_parametros '{' . statement_list '}'  (129)
	declaracion_funcion : inicio_funcion conjunto_parametros '{' . '}'  (130)

	error  shift 9
	ID  shift 10
	PRINT  shift 11
	IF  shift 12
	UINT  shift 13
	DO  shift 14
	RETURN  shift 15
	'}'  shift 228
	'('  shift 17
	.  error

	inicio_funcion  goto 18
	variable  goto 19
	invocacion_funcion  goto 20
	parametro_lambda  goto 21
	list_of_variables  goto 22
	multiple_assignment  goto 23
	statement_list  goto 229
	statement  goto 27
	executable_statement  goto 28
	declarative_statement  goto 29
	declaration_of_variables  goto 30
	declaracion_funcion  goto 31
	asignacion_simple  goto 32
	sentencia_control  goto 33
	sentencia_retorno  goto 34
	impresion  goto 35
	lambda  goto 36
	if  goto 37
	iteracion  goto 38
	if_start  goto 39
	do_while  goto 40
	do_while_start  goto 41


state 174
	asignacion_simple : variable DASIG error .  (57)

	.  reduce 57


state 175
	asignacion_simple : variable DASIG expression . ';'  (54)
	asignacion_simple : variable DASIG expression . error  (55)
	expression : expression . operador_suma termino  (67)
	expression : expression . operador_suma error  (68)
	expression : expression . termino_simple  (69)

	error  shift 230
	ID  shift 10
	CTE  shift 127
	';'  shift 231
	'+'  shift 128
	'-'  shift 129
	.  error

	termino_simple  goto 130
	factor_simple  goto 131
	operador_suma  goto 132
	variable  goto 133
	invocacion_funcion  goto 134


state 176
	variable : ID .  (90)
	variable : ID . '.' ID  (91)

	'.'  shift 45
	ID  reduce 90
	','  reduce 90
	'='  reduce 90


state 177
	list_of_variables : variable . '='  (60)
	list_of_variables : variable . ',' list_of_variables  (61)
	list_of_variables : variable . list_of_variables  (62)

	ID  shift 176
	','  shift 84
	'='  shift 85
	.  error

	variable  goto 177
	list_of_variables  goto 88


state 178
	list_of_variables : variable ',' list_of_variables .  (61)

	.  reduce 61


state 179
	asignacion_simple : variable expression ';' .  (56)

	.  reduce 56


state 180
	bloque_ejecutable : '{' '}' .  (33)

	.  reduce 33


state 181
	bloque_ejecutable : '{' conjunto_sentencias_ejecutables . '}'  (32)
	conjunto_sentencias_ejecutables : conjunto_sentencias_ejecutables . executable_statement  (35)
	lambda : parametro_lambda '{' conjunto_sentencias_ejecutables . argumento_lambda error  (166)
	argumento_lambda : .  (171)

	ID  shift 10
	PRINT  shift 11
	IF  shift 12
	DO  shift 14
	RETURN  shift 15
	'}'  shift 232
	'('  shift 185
	error  reduce 171

	variable  goto 19
	invocacion_funcion  goto 20
	parametro_lambda  goto 21
	argumento_lambda  goto 233
	list_of_variables  goto 22
	multiple_assignment  goto 23
	executable_statement  goto 187
	asignacion_simple  goto 32
	sentencia_control  goto 33
	sentencia_retorno  goto 34
	impresion  goto 35
	lambda  goto 36
	if  goto 37
	iteracion  goto 38
	if_start  goto 39
	do_while  goto 40
	do_while_start  goto 41


state 182
	argumento_lambda : '(' . factor ')'  (169)
	argumento_lambda : '(' . ')'  (170)

	ID  shift 10
	CTE  shift 47
	'-'  shift 50
	')'  shift 234
	.  error

	factor  goto 235
	variable  goto 58
	constant  goto 59
	invocacion_funcion  goto 60


state 183
	lambda : parametro_lambda bloque_ejecutable argumento_lambda . ';'  (164)
	lambda : parametro_lambda bloque_ejecutable argumento_lambda . error  (165)

	error  shift 236
	';'  shift 237
	.  error


state 184
	lambda : parametro_lambda conjunto_sentencias_ejecutables '}' . argumento_lambda error  (168)
	argumento_lambda : .  (171)

	'('  shift 182
	error  reduce 171

	argumento_lambda  goto 238


state 185
	argumento_lambda : '(' . factor ')'  (169)
	argumento_lambda : '(' . ')'  (170)
	parametro_lambda : '(' . UINT ID ')'  (172)

	ID  shift 10
	CTE  shift 47
	UINT  shift 80
	'-'  shift 50
	')'  shift 234
	.  error

	factor  goto 235
	variable  goto 58
	constant  goto 59
	invocacion_funcion  goto 60


state 186
	lambda : parametro_lambda conjunto_sentencias_ejecutables argumento_lambda . error  (167)

	error  shift 239
	.  error


state 187
	conjunto_sentencias_ejecutables : conjunto_sentencias_ejecutables executable_statement .  (35)

	.  reduce 35


state 188
	multiple_assignment : list_of_variables DASIG list_of_constants . error  (59)
	list_of_constants : list_of_constants . ',' constant  (64)
	list_of_constants : list_of_constants . constant  (65)

	error  shift 240
	CTE  shift 47
	','  shift 190
	'-'  shift 50
	.  error

	constant  goto 191


state 189
	multiple_assignment : list_of_variables list_of_constants ';' .  (58)

	.  reduce 58


state 190
	list_of_constants : list_of_constants ',' . constant  (64)

	CTE  shift 47
	'-'  shift 50
	.  error

	constant  goto 241


state 191
	list_of_constants : list_of_constants constant .  (65)

	.  reduce 65


state 192
	program_body : open_brace_list $$3 statement_list . '}'  (13)
	statement_list : statement_list . statement  (22)

	ID  shift 10
	PRINT  shift 11
	IF  shift 12
	UINT  shift 13
	DO  shift 14
	RETURN  shift 15
	'}'  shift 242
	'('  shift 17
	.  error

	inicio_funcion  goto 18
	variable  goto 19
	invocacion_funcion  goto 20
	parametro_lambda  goto 21
	list_of_variables  goto 22
	multiple_assignment  goto 23
	statement  goto 98
	executable_statement  goto 28
	declarative_statement  goto 29
	declaration_of_variables  goto 30
	declaracion_funcion  goto 31
	asignacion_simple  goto 32
	sentencia_control  goto 33
	sentencia_retorno  goto 34
	impresion  goto 35
	lambda  goto 36
	if  goto 37
	iteracion  goto 38
	if_start  goto 39
	do_while  goto 40
	do_while_start  goto 41


state 193
	bloque_ejecutable : '{' conjunto_sentencias_ejecutables . '}'  (32)
	conjunto_sentencias_ejecutables : conjunto_sentencias_ejecutables . executable_statement  (35)

	ID  shift 10
	PRINT  shift 11
	IF  shift 12
	DO  shift 14
	RETURN  shift 15
	'}'  shift 232
	'('  shift 17
	.  error

	variable  goto 19
	invocacion_funcion  goto 20
	parametro_lambda  goto 21
	list_of_variables  goto 22
	multiple_assignment  goto 23
	executable_statement  goto 187
	asignacion_simple  goto 32
	sentencia_control  goto 33
	sentencia_retorno  goto 34
	impresion  goto 35
	lambda  goto 36
	if  goto 37
	iteracion  goto 38
	if_start  goto 39
	do_while  goto 40
	do_while_start  goto 41


state 194
	cuerpo_if : cuerpo_then rama_else . ENDIF ';'  (110)
	cuerpo_if : cuerpo_then rama_else . ENDIF error  (111)
	cuerpo_if : cuerpo_then rama_else . ';'  (112)

	ENDIF  shift 243
	';'  shift 244
	.  error


state 195
	cuerpo_if : rama_else ENDIF . ';'  (113)

	';'  shift 245
	.  error


state 196
	rama_else : else_start cuerpo_ejecutable .  (116)

	.  reduce 116


state 197
	fin_cuerpo_iteracion : WHILE condicion .  (128)

	.  reduce 128


state 198
	cuerpo_iteracion : cuerpo_ejecutable condicion .  (126)

	.  reduce 126


state 199
	do_while : do_while_start cuerpo_iteracion error .  (121)

	.  reduce 121


state 200
	do_while : do_while_start cuerpo_iteracion ';' .  (120)

	.  reduce 120


state 201
	cuerpo_iteracion : cuerpo_do fin_cuerpo_iteracion .  (124)

	.  reduce 124


state 202
	argumento : expression FLECHA . ID  (154)

	ID  shift 246
	.  error


state 203
	lista_argumentos : lista_argumentos ',' . argumento  (153)

	ID  shift 10
	CTE  shift 47
	'+'  shift 49
	'-'  shift 50
	'/'  shift 51
	'*'  shift 52
	.  error

	expression  goto 120
	termino  goto 55
	factor  goto 56
	operador_multiplicacion  goto 57
	variable  goto 58
	constant  goto 59
	invocacion_funcion  goto 60
	argumento  goto 247


state 204
	invocacion_funcion : ID '(' lista_argumentos ')' .  (151)

	.  reduce 151


state 205
	imprimible : '(' elemento_imprimible ')' .  (158)

	.  reduce 158


state 206
	termino_simple : termino_simple operador_multiplicacion . factor  (77)
	termino_simple : termino_simple operador_multiplicacion . error  (79)

	error  shift 248
	ID  shift 10
	CTE  shift 47
	'-'  shift 50
	.  error

	factor  goto 249
	variable  goto 58
	constant  goto 59
	invocacion_funcion  goto 60


state 207
	expression : expression operador_suma error .  (68)

	.  reduce 68


state 208
	expression : expression operador_suma termino .  (67)
	termino : termino . operador_multiplicacion factor  (73)
	termino : termino . operador_multiplicacion error  (75)

	'/'  shift 51
	'*'  shift 52
	error  reduce 67
	ID  reduce 67
	CTE  reduce 67
	FLECHA  reduce 67
	';'  reduce 67
	','  reduce 67
	'+'  reduce 67
	'-'  reduce 67
	')'  reduce 67

	operador_multiplicacion  goto 135


state 209
	termino : termino operador_multiplicacion error .  (75)

	.  reduce 75


state 210
	termino : termino operador_multiplicacion factor .  (73)

	.  reduce 73


state 211
	condicion : '(' cuerpo_condicion error .  (95)

	.  reduce 95


state 212
	condicion : '(' cuerpo_condicion ')' .  (92)

	.  reduce 92


state 213
	expression : expression operador_suma termino .  (67)
	termino : termino . operador_multiplicacion factor  (73)
	termino : termino . operador_multiplicacion error  (75)
	cuerpo_condicion : expression operador_suma termino .  (98)

	'/'  shift 51
	'*'  shift 52
	error  reduce 98
	ID  reduce 67
	CTE  reduce 67
	EQ  reduce 67
	GEQ  reduce 67
	LEQ  reduce 67
	NEQ  reduce 67
	'='  reduce 67
	'+'  reduce 67
	'-'  reduce 67
	')'  reduce 98
	'>'  reduce 67
	'<'  reduce 67

	operador_multiplicacion  goto 135


state 214
	expression : expression . operador_suma termino  (67)
	expression : expression . operador_suma error  (68)
	expression : expression . termino_simple  (69)
	cuerpo_condicion : expression comparador expression .  (96)

	ID  shift 10
	CTE  shift 127
	'+'  shift 128
	'-'  shift 129
	error  reduce 96
	')'  reduce 96

	termino_simple  goto 130
	factor_simple  goto 131
	operador_suma  goto 132
	variable  goto 133
	invocacion_funcion  goto 134


state 215
	declaration_of_variables : UINT identifier DASIG constant . ';'  (48)

	';'  shift 250
	.  error


state 216
	identifier : ID .  (53)

	.  reduce 53


state 217
	list_of_identifiers : list_of_identifiers ',' identifier .  (51)

	.  reduce 51


state 218
	sentencia_retorno : RETURN '(' ')' ';' .  (148)

	.  reduce 148


state 219
	sentencia_retorno : RETURN '(' expression ')' . ';'  (146)
	sentencia_retorno : RETURN '(' expression ')' . error  (147)

	error  shift 251
	';'  shift 252
	.  error


state 220
	close_brace_list : '}' '}' .  (19)

	.  reduce 19


state 221
	close_brace_list : close_brace_list '}' .  (20)

	.  reduce 20


state 222
	parametro_lambda : '(' UINT ID ')' .  (172)

	.  reduce 172


state 223
	parametro_vacio : ',' parametro_formal .  (139)

	.  reduce 139


state 224
	parametro_formal : semantica_pasaje ID .  (142)

	.  reduce 142


state 225
	parametro_formal : semantica_pasaje UINT . ID  (140)
	parametro_formal : semantica_pasaje UINT .  (141)

	ID  shift 253
	','  reduce 141
	')'  reduce 141


state 226
	lista_parametros : lista_parametros ',' . parametro_formal  (136)
	parametro_vacio : lista_parametros ',' .  (138)
	semantica_pasaje : .  (143)

	error  shift 165
	CVR  shift 166
	ID  reduce 143
	UINT  reduce 143
	','  reduce 138
	')'  reduce 138

	semantica_pasaje  goto 169
	parametro_formal  goto 254


state 227
	conjunto_parametros : '(' lista_parametros ')' .  (133)

	.  reduce 133


state 228
	declaracion_funcion : inicio_funcion conjunto_parametros '{' '}' .  (130)

	.  reduce 130


state 229
	statement_list : statement_list . statement  (22)
	declaracion_funcion : inicio_funcion conjunto_parametros '{' statement_list . '}'  (129)

	ID  shift 10
	PRINT  shift 11
	IF  shift 12
	UINT  shift 13
	DO  shift 14
	RETURN  shift 15
	'}'  shift 255
	'('  shift 17
	.  error

	inicio_funcion  goto 18
	variable  goto 19
	invocacion_funcion  goto 20
	parametro_lambda  goto 21
	list_of_variables  goto 22
	multiple_assignment  goto 23
	statement  goto 98
	executable_statement  goto 28
	declarative_statement  goto 29
	declaration_of_variables  goto 30
	declaracion_funcion  goto 31
	asignacion_simple  goto 32
	sentencia_control  goto 33
	sentencia_retorno  goto 34
	impresion  goto 35
	lambda  goto 36
	if  goto 37
	iteracion  goto 38
	if_start  goto 39
	do_while  goto 40
	do_while_start  goto 41


state 230
	asignacion_simple : variable DASIG expression error .  (55)

	.  reduce 55


state 231
	asignacion_simple : variable DASIG expression ';' .  (54)

	.  reduce 54


state 232
	bloque_ejecutable : '{' conjunto_sentencias_ejecutables '}' .  (32)

	.  reduce 32


state 233
	lambda : parametro_lambda '{' conjunto_sentencias_ejecutables argumento_lambda . error  (166)

	error  shift 256
	.  error


state 234
	argumento_lambda : '(' ')' .  (170)

	.  reduce 170


state 235
	argumento_lambda : '(' factor . ')'  (169)

	')'  shift 257
	.  error


state 236
	lambda : parametro_lambda bloque_ejecutable argumento_lambda error .  (165)

	.  reduce 165


state 237
	lambda : parametro_lambda bloque_ejecutable argumento_lambda ';' .  (164)

	.  reduce 164


state 238
	lambda : parametro_lambda conjunto_sentencias_ejecutables '}' argumento_lambda . error  (168)

	error  shift 258
	.  error


state 239
	lambda : parametro_lambda conjunto_sentencias_ejecutables argumento_lambda error .  (167)

	.  reduce 167


state 240
	multiple_assignment : list_of_variables DASIG list_of_constants error .  (59)

	.  reduce 59


state 241
	list_of_constants : list_of_constants ',' constant .  (64)

	.  reduce 64


state 242
	program_body : open_brace_list $$3 statement_list '}' .  (13)

	.  reduce 13


state 243
	cuerpo_if : cuerpo_then rama_else ENDIF . ';'  (110)
	cuerpo_if : cuerpo_then rama_else ENDIF . error  (111)

	error  shift 259
	';'  shift 260
	.  error


state 244
	cuerpo_if : cuerpo_then rama_else ';' .  (112)

	.  reduce 112


state 245
	cuerpo_if : rama_else ENDIF ';' .  (113)

	.  reduce 113


state 246
	argumento : expression FLECHA ID .  (154)

	.  reduce 154


state 247
	lista_argumentos : lista_argumentos ',' argumento .  (153)

	.  reduce 153


state 248
	termino_simple : termino_simple operador_multiplicacion error .  (79)

	.  reduce 79


state 249
	termino_simple : termino_simple operador_multiplicacion factor .  (77)

	.  reduce 77


state 250
	declaration_of_variables : UINT identifier DASIG constant ';' .  (48)

	.  reduce 48


state 251
	sentencia_retorno : RETURN '(' expression ')' error .  (147)

	.  reduce 147


state 252
	sentencia_retorno : RETURN '(' expression ')' ';' .  (146)

	.  reduce 146


state 253
	parametro_formal : semantica_pasaje UINT ID .  (140)

	.  reduce 140


state 254
	lista_parametros : lista_parametros ',' parametro_formal .  (136)

	.  reduce 136


state 255
	declaracion_funcion : inicio_funcion conjunto_parametros '{' statement_list '}' .  (129)

	.  reduce 129


state 256
	lambda : parametro_lambda '{' conjunto_sentencias_ejecutables argumento_lambda error .  (166)

	.  reduce 166


state 257
	argumento_lambda : '(' factor ')' .  (169)

	.  reduce 169


state 258
	lambda : parametro_lambda conjunto_sentencias_ejecutables '}' argumento_lambda error .  (168)

	.  reduce 168


state 259
	cuerpo_if : cuerpo_then rama_else ENDIF error .  (111)

	.  reduce 111


state 260
	cuerpo_if : cuerpo_then rama_else ENDIF ';' .  (110)

	.  reduce 110


35 terminals, 66 nonterminals
173 grammar rules, 261 states
